2025-01-10 19:33:04.298 [info] [main] Log level: Info
2025-01-10 19:33:04.298 [info] [main] Validating found git in: "git"
2025-01-10 19:33:04.298 [info] [main] Using git "2.43.0" from "git"
2025-01-10 19:33:04.298 [info] [Model][doInitialScan] Initial repository scan started
2025-01-10 19:33:04.298 [info] [Model][doInitialScan] Initial repository scan completed - repositories (0), closed repositories (0), parent repositories (0), unsafe repositories (0)
2025-01-10 19:34:09.042 [info] [main] Log level: Info
2025-01-10 19:34:09.042 [info] [main] Validating found git in: "git"
2025-01-10 19:34:09.043 [info] [main] Using git "2.43.0" from "git"
2025-01-10 19:34:09.043 [info] [Model][doInitialScan] Initial repository scan started
2025-01-10 19:34:09.043 [info] > git rev-parse --show-toplevel [5ms]
2025-01-10 19:34:09.043 [info] fatal: not a git repository (or any of the parent directories): .git
2025-01-10 19:34:09.055 [info] > git rev-parse --show-toplevel [4ms]
2025-01-10 19:34:09.055 [info] fatal: not a git repository (or any of the parent directories): .git
2025-01-10 19:34:09.059 [info] [Model][doInitialScan] Initial repository scan completed - repositories (0), closed repositories (0), parent repositories (0), unsafe repositories (0)
2025-01-10 19:35:08.525 [info] [main] Log level: Info
2025-01-10 19:35:08.525 [info] [main] Validating found git in: "git"
2025-01-10 19:35:08.525 [info] [main] Using git "2.43.0" from "git"
2025-01-10 19:35:08.525 [info] [Model][doInitialScan] Initial repository scan started
2025-01-10 19:35:08.525 [info] > git rev-parse --show-toplevel [25ms]
2025-01-10 19:35:08.525 [info] fatal: not a git repository (or any of the parent directories): .git
2025-01-10 19:35:08.529 [info] > git rev-parse --show-toplevel [7ms]
2025-01-10 19:35:08.529 [info] fatal: not a git repository (or any of the parent directories): .git
2025-01-10 19:35:08.538 [info] [Model][doInitialScan] Initial repository scan completed - repositories (0), closed repositories (0), parent repositories (0), unsafe repositories (0)
2025-01-10 19:35:51.700 [info] > git rev-parse --show-toplevel [14ms]
2025-01-10 19:35:51.700 [info] fatal: not a git repository (or any of the parent directories): .git
