2025-01-10 22:11:12.171 [info] Reading sessions from keychain...
2025-01-10 22:11:12.246 [info] Getting sessions for all scopes...
2025-01-10 22:11:12.247 [info] Getting sessions for all scopes...
2025-01-10 22:11:12.301 [info] Getting sessions for all scopes...
2025-01-10 22:11:12.302 [info] Getting sessions for all scopes...
2025-01-10 22:11:12.302 [info] Getting sessions for all scopes...
2025-01-10 22:11:12.302 [info] Getting sessions for all scopes...
2025-01-10 22:11:12.309 [info] Getting sessions for all scopes...
2025-01-10 22:11:12.377 [info] Got 0 sessions for ...
2025-01-10 22:11:12.378 [info] Got 0 sessions for ...
2025-01-10 22:11:12.378 [info] Got 0 sessions for ...
2025-01-10 22:11:12.378 [info] Got 0 sessions for ...
2025-01-10 22:11:12.379 [info] Got 0 sessions for ...
2025-01-10 22:11:12.379 [info] Got 0 sessions for ...
2025-01-10 22:11:12.379 [info] Got 0 sessions for ...
2025-01-10 22:11:15.712 [info] Getting sessions for all scopes...
2025-01-10 22:11:15.716 [info] Got 0 sessions for ...
2025-01-10 23:45:43.847 [info] Getting sessions for read:user,repo,user:email,workflow...
2025-01-10 23:45:43.847 [info] Got 0 sessions for read:user,repo,user:email,workflow...
2025-01-10 23:45:56.761 [info] Logging in with 'any' account...
2025-01-10 23:45:56.763 [info] Logging in for the following scopes: read:user repo user:email workflow
2025-01-10 23:45:56.789 [info] Trying without local server... (read:user repo user:email workflow)
2025-01-10 23:46:41.923 [error] User Cancelled
2025-01-10 23:46:51.526 [info] Trying with local server... (read:user repo user:email workflow)
2025-01-10 23:46:53.070 [error] User Cancelled
2025-01-10 23:49:15.670 [info] Getting sessions for read:user,repo,user:email,workflow...
2025-01-10 23:49:15.670 [info] Got 0 sessions for read:user,repo,user:email,workflow...
2025-01-10 23:49:17.349 [info] Logging in with 'any' account...
2025-01-10 23:49:17.349 [info] Logging in for the following scopes: read:user repo user:email workflow
2025-01-10 23:49:17.386 [info] Trying without local server... (read:user repo user:email workflow)
2025-01-10 23:49:19.306 [error] User Cancelled
2025-01-10 23:53:34.510 [info] Getting sessions for read:user,repo,user:email,workflow...
2025-01-10 23:53:34.510 [info] Got 0 sessions for read:user,repo,user:email,workflow...
2025-01-10 23:53:36.137 [info] Logging in with 'any' account...
2025-01-10 23:53:36.137 [info] Logging in for the following scopes: read:user repo user:email workflow
2025-01-10 23:53:36.161 [info] Trying without local server... (read:user repo user:email workflow)
2025-01-10 23:53:38.308 [error] User Cancelled
2025-01-10 23:53:39.639 [info] Trying with local server... (read:user repo user:email workflow)
2025-01-10 23:53:40.546 [error] User Cancelled
