2025-01-10 19:32:59.540 [warning] Via 'product.json#extensionEnabledApiProposals' extension 'ms-vscode.vscode-selfhost-test-provider' wants API proposal 'attributableCoverage' but that proposal DOES NOT EXIST. Likely, the proposal has been finalized (check 'vscode.d.ts') or was abandoned.
2025-01-10 19:32:59.557 [warning] Via 'product.json#extensionEnabledApiProposals' extension 'ms-python.python' wants API proposal 'contribIssueReporter' but that proposal DOES NOT EXIST. Likely, the proposal has been finalized (check 'vscode.d.ts') or was abandoned.
2025-01-10 19:32:59.562 [warning] Via 'product.json#extensionEnabledApiProposals' extension 'ms-python.debugpy' wants API proposal 'contribIssueReporter' but that proposal DOES NOT EXIST. Likely, the proposal has been finalized (check 'vscode.d.ts') or was abandoned.
2025-01-10 19:33:00.028 [info] Started local extension host with pid 17853.
2025-01-10 19:33:00.234 [info] Started initializing default profile extensions in extensions installation folder. file:///root/.vscode/extensions
2025-01-10 19:33:01.466 [warning] Failed to create default profile extensions manifest in extensions installation folder. file:///root/.vscode/extensions Unable to create file 'vscode-userdata:/root/.vscode/extensions/extensions.json' that already exists when overwrite flag is not set
2025-01-10 19:33:01.477 [info] Completed initializing default profile extensions in extensions installation folder. file:///root/.vscode/extensions
2025-01-10 19:33:02.858 [info] Settings Sync: Account status changed from uninitialized to unavailable
2025-01-10 19:33:03.423 [warning] Creation of workbench contribution 'workbench.contrib.configurationMigration' took 138ms.
2025-01-10 19:33:04.201 [info] [perf] Render performance baseline is 51ms
2025-01-10 19:33:25.961 [error] No default agent contributed: CodeExpectedError: No default agent contributed
    at $qe.R (vscode-file://vscode-app/usr/share/code/resources/app/out/vs/workbench/workbench.desktop.main.js:1952:25105)
2025-01-10 19:34:04.352 [warning] Via 'product.json#extensionEnabledApiProposals' extension 'ms-vscode.vscode-selfhost-test-provider' wants API proposal 'attributableCoverage' but that proposal DOES NOT EXIST. Likely, the proposal has been finalized (check 'vscode.d.ts') or was abandoned.
2025-01-10 19:34:04.353 [warning] Via 'product.json#extensionEnabledApiProposals' extension 'ms-python.python' wants API proposal 'contribIssueReporter' but that proposal DOES NOT EXIST. Likely, the proposal has been finalized (check 'vscode.d.ts') or was abandoned.
2025-01-10 19:34:04.353 [warning] Via 'product.json#extensionEnabledApiProposals' extension 'ms-python.debugpy' wants API proposal 'contribIssueReporter' but that proposal DOES NOT EXIST. Likely, the proposal has been finalized (check 'vscode.d.ts') or was abandoned.
2025-01-10 19:34:04.745 [info] Started local extension host with pid 17987.
2025-01-10 19:34:06.532 [info] Settings Sync: Account status changed from uninitialized to unavailable
2025-01-10 19:34:07.967 [info] [perf] Render performance baseline is 214ms
2025-01-10 19:35:04.302 [warning] Via 'product.json#extensionEnabledApiProposals' extension 'ms-vscode.vscode-selfhost-test-provider' wants API proposal 'attributableCoverage' but that proposal DOES NOT EXIST. Likely, the proposal has been finalized (check 'vscode.d.ts') or was abandoned.
2025-01-10 19:35:04.309 [warning] Via 'product.json#extensionEnabledApiProposals' extension 'ms-python.python' wants API proposal 'contribIssueReporter' but that proposal DOES NOT EXIST. Likely, the proposal has been finalized (check 'vscode.d.ts') or was abandoned.
2025-01-10 19:35:04.309 [warning] Via 'product.json#extensionEnabledApiProposals' extension 'ms-python.debugpy' wants API proposal 'contribIssueReporter' but that proposal DOES NOT EXIST. Likely, the proposal has been finalized (check 'vscode.d.ts') or was abandoned.
2025-01-10 19:35:04.940 [info] Started local extension host with pid 18248.
2025-01-10 19:35:06.992 [info] Settings Sync: Account status changed from uninitialized to unavailable
2025-01-10 19:35:08.546 [info] [perf] Render performance baseline is 46ms
